2026-06-17 20:43:35 - Starting pipeline
2026-06-17 20:43:46 - Extract completed
2026-06-17 20:43:54 - Transform completed
2026-06-17 20:45:10 - Load completed
2026-06-17 20:45:55 - Report completed
2026-06-17 20:45:55 - Data quality check completed
2026-06-17 20:45:55 - Pipeline completed successfully
2026-06-17 14:15:17 - Starting pipeline
2026-06-17 14:15:23 - Extract completed
2026-06-17 14:15:32 - Transform completed
2026-06-17 14:16:40 - Load completed
2026-06-17 14:18:10 - Report completed
2026-06-17 14:18:10 - Data quality check completed
2026-06-17 14:18:10 - Pipeline completed successfully
2026-06-17 14:28:02 - Starting pipeline
2026-06-17 14:28:09 - Extract completed
2026-06-17 14:28:19 - Transform completed
2026-06-17 14:29:28 - Load completed
2026-06-17 14:31:00 - Report completed
2026-06-17 14:31:00 - Data quality check completed
2026-06-17 14:31:00 - Pipeline completed successfully
2026-06-18 21:20:55 - Starting pipeline
2026-06-18 21:21:01 - Extract completed
2026-06-18 21:21:09 - Transform completed
2026-06-18 21:21:45 - Load completed
2026-06-18 21:22:30 - Report completed
2026-06-18 21:22:30 - Data quality check completed
2026-06-18 21:22:30 - Pipeline completed successfully
2026-06-18 14:26:38 - Starting pipeline
2026-06-18 14:26:45 - Extract completed
2026-06-18 14:26:53 - Transform completed
2026-06-18 14:28:09 - Load completed
2026-06-18 14:29:54 - Report completed
2026-06-18 14:29:54 - Data quality check completed
2026-06-18 14:29:54 - Pipeline completed successfully
